==================================================================
 QeffectsGL initialized at Tue Jun 07 19:31:09 2016
==================================================================

Settings: C:\Users\Talha\Desktop\Zandronum\QeffectsGL.ini
Module: zandronum.exe
Loading "C:\Windows\system32\opengl32.dll": success
Loading functions: success
Using extension: GL_ARB_multitexture (8 TMU)
Using extension: GL_ARB_texture_rectangle
Using extension: GL_ARB_depth_texture
Using extension: GL_EXT_texture_edge_clamp
Using extension: GL_EXT_texture_filter_anisotropic (max 16)
Using extension: GL_ARB_framebuffer_object
Using extension: GL_ARB_shader_objects
Using extension: GL_ARB_shading_language_100
Using extension: GL_ARB_vertex_shader
Using extension: GL_ARB_fragment_shader
InitializeGL
Checking hardware caps:
Bloom effect: YES
SSAO effect: YES
Color correction: YES
Emboss: DISABLED
DOF effect: DISABLED
ShutdownGL
Using extension: GL_ARB_multitexture (8 TMU)
Using extension: GL_ARB_texture_rectangle
Using extension: GL_ARB_depth_texture
Using extension: GL_EXT_texture_edge_clamp
Using extension: GL_EXT_texture_filter_anisotropic (max 16)
Using extension: GL_ARB_framebuffer_object
Using extension: GL_ARB_shader_objects
Using extension: GL_ARB_shading_language_100
Using extension: GL_ARB_vertex_shader
Using extension: GL_ARB_fragment_shader
InitializeGL
Checking hardware caps:
Bloom effect: YES
SSAO effect: YES
Color correction: YES
Emboss: DISABLED
DOF effect: DISABLED
ShutdownGL
Using extension: GL_ARB_multitexture (8 TMU)
Using extension: GL_ARB_texture_rectangle
Using extension: GL_ARB_depth_texture
Using extension: GL_EXT_texture_edge_clamp
Using extension: GL_EXT_texture_filter_anisotropic (max 16)
Using extension: GL_ARB_framebuffer_object
Using extension: GL_ARB_shader_objects
Using extension: GL_ARB_shading_language_100
Using extension: GL_ARB_vertex_shader
Using extension: GL_ARB_fragment_shader
InitializeGL
Checking hardware caps:
Bloom effect: YES
SSAO effect: YES
Color correction: YES
Emboss: DISABLED
DOF effect: DISABLED
ShutdownGL
